<?xml version="1.0" encoding="UTF-8"?>
<robot generator="Robot 6.1.1 (Python 3.10.10 on win32)" generated="20240429 08:35:20.705" rpa="false" schemaversion="4">
<suite id="s1" name="Desafio-Tester-Junior" source="C:\desafio-tester-junior">
<suite id="s1-s1" name="Test" source="C:\desafio-tester-junior\test">
<suite id="s1-s1-s1" name="Envio Formulario" source="C:\desafio-tester-junior\test\envio_formulario.robot">
<test id="s1-s1-s1-t1" name="cenario 24 - [Envio campo Seu nome] preenchido" line="151">
<kw name="Acessar fromulario" library="hooks" type="SETUP">
<kw name="Open Browser" library="SeleniumLibrary">
<arg>about:blank</arg>
<arg>chrome</arg>
<doc>Opens a new browser instance to the optional ``url``.</doc>
<msg timestamp="20240429 08:35:21.492" level="INFO">Opening browser 'chrome' to base url 'about:blank'.</msg>
<status status="PASS" starttime="20240429 08:35:21.492" endtime="20240429 08:35:23.554"/>
</kw>
<kw name="Maximize Browser Window" library="SeleniumLibrary">
<doc>Maximizes current browser window.</doc>
<status status="PASS" starttime="20240429 08:35:23.554" endtime="20240429 08:35:23.577"/>
</kw>
<kw name="Go To" library="SeleniumLibrary">
<arg>${url}</arg>
<doc>Navigates the current browser window to the provided ``url``.</doc>
<msg timestamp="20240429 08:35:23.578" level="INFO">Opening url 'https://tinyurl.com/desafioTesterSGE'</msg>
<status status="PASS" starttime="20240429 08:35:23.578" endtime="20240429 08:35:25.224"/>
</kw>
<status status="PASS" starttime="20240429 08:35:21.492" endtime="20240429 08:35:25.224"/>
</kw>
<kw name="Dado que tenha preenchido o campo Seu nome" library="envio_formulario_bdd">
<kw name="que informe Alergia ou Restricao alimentar" library="envio_formulario_bdd">
<kw name="Seu nome" library="envio_formulario">
<kw name="Input no elemento" library="hooks">
<arg>${PREENCHER.input_seu_nome}</arg>
<arg>${nome}</arg>
<kw name="Wait Until Element Is Visible" library="SeleniumLibrary">
<arg>${element}</arg>
<arg>120s</arg>
<doc>Waits until the element ``locator`` is visible.</doc>
<status status="PASS" starttime="20240429 08:35:25.226" endtime="20240429 08:35:25.254"/>
</kw>
<kw name="Input Text" library="SeleniumLibrary">
<arg>${element}</arg>
<arg>${txt}</arg>
<doc>Types the given ``text`` into the text field identified by ``locator``.</doc>
<msg timestamp="20240429 08:35:25.255" level="INFO">Typing text 'Levi santos' into text field '//div[@class='rFrNMe k3kHxc RdH0ib yqQS1 zKHdkd']//input[@type='text'][@aria-labelledby='i1'][@aria-describedby='i2 i3']'.</msg>
<status status="PASS" starttime="20240429 08:35:25.255" endtime="20240429 08:35:25.375"/>
</kw>
<status status="PASS" starttime="20240429 08:35:25.226" endtime="20240429 08:35:25.375"/>
</kw>
<kw name="Scroll Element Into View" library="SeleniumLibrary">
<arg>${PREENCHER.radio_sim_participarei}</arg>
<doc>Scrolls the element identified by ``locator`` into view.</doc>
<status status="PASS" starttime="20240429 08:35:25.375" endtime="20240429 08:35:25.667"/>
</kw>
<status status="PASS" starttime="20240429 08:35:25.226" endtime="20240429 08:35:25.667"/>
</kw>
<kw name="Selecionar sabor" library="envio_formulario">
<arg>Pudim de leite</arg>
<kw name="Click no elemento" library="hooks">
<arg>${PREENCHER.select_escolha_sobremesa}</arg>
<kw name="Wait Until Element Is Visible" library="SeleniumLibrary">
<arg>${element}</arg>
<arg>120s</arg>
<doc>Waits until the element ``locator`` is visible.</doc>
<status status="PASS" starttime="20240429 08:35:25.668" endtime="20240429 08:35:25.691"/>
</kw>
<kw name="Click Element" library="SeleniumLibrary">
<arg>${element}</arg>
<doc>Click the element identified by ``locator``.</doc>
<msg timestamp="20240429 08:35:25.693" level="INFO">Clicking element '//div[@class='MocG8c HZ3kWc mhLiyf LMgvRb KKjvXb DEh1R'][contains(.,'Escolher')]'.</msg>
<status status="PASS" starttime="20240429 08:35:25.693" endtime="20240429 08:35:25.734"/>
</kw>
<status status="PASS" starttime="20240429 08:35:25.667" endtime="20240429 08:35:25.734"/>
</kw>
<kw name="Click no elemento" library="hooks">
<arg>//div[@data-value='${sabor}'][@role='option']</arg>
<kw name="Wait Until Element Is Visible" library="SeleniumLibrary">
<arg>${element}</arg>
<arg>120s</arg>
<doc>Waits until the element ``locator`` is visible.</doc>
<status status="PASS" starttime="20240429 08:35:25.735" endtime="20240429 08:35:26.001"/>
</kw>
<kw name="Click Element" library="SeleniumLibrary">
<arg>${element}</arg>
<doc>Click the element identified by ``locator``.</doc>
<msg timestamp="20240429 08:35:26.002" level="INFO">Clicking element '//div[@data-value='Pudim de leite'][@role='option']'.</msg>
<status status="PASS" starttime="20240429 08:35:26.002" endtime="20240429 08:35:26.059"/>
</kw>
<status status="PASS" starttime="20240429 08:35:25.734" endtime="20240429 08:35:26.059"/>
</kw>
<status status="PASS" starttime="20240429 08:35:25.667" endtime="20240429 08:35:26.059"/>
</kw>
<kw name="Participacao da festa" library="envio_formulario">
<arg>SIM</arg>
<if>
<branch type="IF" condition="'${participacao}' == 'SIM'">
<kw name="Click no elemento" library="hooks">
<arg>${PREENCHER.radio_sim_participarei}</arg>
<kw name="Wait Until Element Is Visible" library="SeleniumLibrary">
<arg>${element}</arg>
<arg>120s</arg>
<doc>Waits until the element ``locator`` is visible.</doc>
<status status="PASS" starttime="20240429 08:35:26.064" endtime="20240429 08:35:26.105"/>
</kw>
<kw name="Click Element" library="SeleniumLibrary">
<arg>${element}</arg>
<doc>Click the element identified by ``locator``.</doc>
<msg timestamp="20240429 08:35:26.105" level="INFO">Clicking element '//div[@id='i13']'.</msg>
<status status="PASS" starttime="20240429 08:35:26.105" endtime="20240429 08:35:26.156"/>
</kw>
<status status="PASS" starttime="20240429 08:35:26.064" endtime="20240429 08:35:26.156"/>
</kw>
<status status="PASS" starttime="20240429 08:35:26.064" endtime="20240429 08:35:26.156"/>
</branch>
<branch type="ELSE">
<kw name="Click no elemento" library="hooks">
<arg>${PREENCHER.radio_nao_participarei}</arg>
<status status="NOT RUN" starttime="20240429 08:35:26.156" endtime="20240429 08:35:26.156"/>
</kw>
<status status="NOT RUN" starttime="20240429 08:35:26.156" endtime="20240429 08:35:26.156"/>
</branch>
<status status="PASS" starttime="20240429 08:35:26.064" endtime="20240429 08:35:26.156"/>
</if>
<status status="PASS" starttime="20240429 08:35:26.059" endtime="20240429 08:35:26.156"/>
</kw>
<kw name="quantidade de pessoas" library="envio_formulario">
<arg>10</arg>
<if>
<branch type="IF" condition="${qtd_pesoas} &lt;= 10">
<kw name="Input no elemento" library="hooks">
<arg>${PREENCHER.input_quantas_pessoas_comparecerao}</arg>
<arg>${qtd_pesoas}</arg>
<kw name="Wait Until Element Is Visible" library="SeleniumLibrary">
<arg>${element}</arg>
<arg>120s</arg>
<doc>Waits until the element ``locator`` is visible.</doc>
<status status="PASS" starttime="20240429 08:35:26.157" endtime="20240429 08:35:26.193"/>
</kw>
<kw name="Input Text" library="SeleniumLibrary">
<arg>${element}</arg>
<arg>${txt}</arg>
<doc>Types the given ``text`` into the text field identified by ``locator``.</doc>
<msg timestamp="20240429 08:35:26.193" level="INFO">Typing text '10' into text field '//div[@class='rFrNMe k3kHxc RdH0ib yqQS1 ccuQue zKHdkd']//input[@type='text'][@aria-labelledby='i19'][@aria-describedby='i20 i21']'.</msg>
<status status="PASS" starttime="20240429 08:35:26.193" endtime="20240429 08:35:26.439"/>
</kw>
<status status="PASS" starttime="20240429 08:35:26.157" endtime="20240429 08:35:26.439"/>
</kw>
<status status="PASS" starttime="20240429 08:35:26.157" endtime="20240429 08:35:26.439"/>
</branch>
<branch type="ELSE">
<kw name="Fatal Error" library="BuiltIn">
<arg>Precisa ser um número menor ou igual a 10</arg>
<doc>Stops the whole test execution.</doc>
<status status="NOT RUN" starttime="20240429 08:35:26.439" endtime="20240429 08:35:26.439"/>
</kw>
<status status="NOT RUN" starttime="20240429 08:35:26.439" endtime="20240429 08:35:26.444"/>
</branch>
<status status="PASS" starttime="20240429 08:35:26.157" endtime="20240429 08:35:26.444"/>
</if>
<status status="PASS" starttime="20240429 08:35:26.156" endtime="20240429 08:35:26.444"/>
</kw>
<kw name="Selecionar pratos" library="envio_formulario">
<arg>Prato principal</arg>
<kw name="Click Element" library="SeleniumLibrary">
<arg>//label[@class='docssharedWizToggleLabeledContainer Yri8Nb']//div[@aria-label='${pratos}']</arg>
<doc>Click the element identified by ``locator``.</doc>
<msg timestamp="20240429 08:35:26.444" level="INFO">Clicking element '//label[@class='docssharedWizToggleLabeledContainer Yri8Nb']//div[@aria-label='Prato principal']'.</msg>
<status status="PASS" starttime="20240429 08:35:26.444" endtime="20240429 08:35:26.495"/>
</kw>
<status status="PASS" starttime="20240429 08:35:26.444" endtime="20240429 08:35:26.495"/>
</kw>
<kw name="Input no elemento" library="hooks">
<arg>${PREENCHER.input_alergia_restricao_alimentar}</arg>
<arg>NÃO</arg>
<kw name="Wait Until Element Is Visible" library="SeleniumLibrary">
<arg>${element}</arg>
<arg>120s</arg>
<doc>Waits until the element ``locator`` is visible.</doc>
<status status="PASS" starttime="20240429 08:35:26.496" endtime="20240429 08:35:26.517"/>
</kw>
<kw name="Input Text" library="SeleniumLibrary">
<arg>${element}</arg>
<arg>${txt}</arg>
<doc>Types the given ``text`` into the text field identified by ``locator``.</doc>
<msg timestamp="20240429 08:35:26.517" level="INFO">Typing text 'NÃO' into text field '//div[@class='rFrNMe k3kHxc RdH0ib yqQS1 zKHdkd']//input[@type='text'][@aria-labelledby='i46'][@aria-describedby='i47 i48']'.</msg>
<status status="PASS" starttime="20240429 08:35:26.517" endtime="20240429 08:35:26.589"/>
</kw>
<status status="PASS" starttime="20240429 08:35:26.495" endtime="20240429 08:35:26.590"/>
</kw>
<kw name="Input no elemento" library="hooks">
<arg>${PREENCHER.input_qual_endereco_email}</arg>
<arg>${email}</arg>
<kw name="Wait Until Element Is Visible" library="SeleniumLibrary">
<arg>${element}</arg>
<arg>120s</arg>
<doc>Waits until the element ``locator`` is visible.</doc>
<status status="PASS" starttime="20240429 08:35:26.590" endtime="20240429 08:35:26.600"/>
</kw>
<kw name="Input Text" library="SeleniumLibrary">
<arg>${element}</arg>
<arg>${txt}</arg>
<doc>Types the given ``text`` into the text field identified by ``locator``.</doc>
<msg timestamp="20240429 08:35:26.600" level="INFO">Typing text 'levysantos792@gmail.com' into text field '//div[@class='rFrNMe k3kHxc RdH0ib yqQS1 Z02LAf zKHdkd']//input[@type='email'][@aria-labelledby='i50'][@aria-describedby='i51 i52']'.</msg>
<status status="PASS" starttime="20240429 08:35:26.600" endtime="20240429 08:35:26.717"/>
</kw>
<status status="PASS" starttime="20240429 08:35:26.590" endtime="20240429 08:35:26.717"/>
</kw>
<status status="PASS" starttime="20240429 08:35:25.224" endtime="20240429 08:35:26.717"/>
</kw>
<status status="PASS" starttime="20240429 08:35:25.224" endtime="20240429 08:35:26.717"/>
</kw>
<kw name="Quando clicar em enviar" library="envio_formulario_bdd">
<kw name="Click no elemento" library="hooks">
<arg>${PREENCHER.btn_enviar}</arg>
<kw name="Wait Until Element Is Visible" library="SeleniumLibrary">
<arg>${element}</arg>
<arg>120s</arg>
<doc>Waits until the element ``locator`` is visible.</doc>
<status status="PASS" starttime="20240429 08:35:26.718" endtime="20240429 08:35:26.733"/>
</kw>
<kw name="Click Element" library="SeleniumLibrary">
<arg>${element}</arg>
<doc>Click the element identified by ``locator``.</doc>
<msg timestamp="20240429 08:35:26.733" level="INFO">Clicking element '//div[@class='lRwqcd']//div[@role='button']'.</msg>
<status status="PASS" starttime="20240429 08:35:26.733" endtime="20240429 08:35:27.220"/>
</kw>
<status status="PASS" starttime="20240429 08:35:26.717" endtime="20240429 08:35:27.220"/>
</kw>
<status status="PASS" starttime="20240429 08:35:26.717" endtime="20240429 08:35:27.220"/>
</kw>
<kw name="Então o formulario deve ser enviado com sucesso" library="envio_formulario_bdd">
<kw name="Wait Until Element Is Visible" library="SeleniumLibrary">
<arg>${PREENCHER.validacao_envio_com_sucesso}</arg>
<doc>Waits until the element ``locator`` is visible.</doc>
<status status="PASS" starttime="20240429 08:35:27.220" endtime="20240429 08:35:27.243"/>
</kw>
<status status="PASS" starttime="20240429 08:35:27.220" endtime="20240429 08:35:27.243"/>
</kw>
<kw name="Fechar navegador" library="hooks" type="TEARDOWN">
<kw name="Capture Page Screenshot" library="SeleniumLibrary">
<doc>Takes a screenshot of the current page and embeds it into a log file.</doc>
<msg timestamp="20240429 08:35:27.436" level="INFO" html="true">&lt;/td&gt;&lt;/tr&gt;&lt;tr&gt;&lt;td colspan="3"&gt;&lt;a href="selenium-screenshot-26.png"&gt;&lt;img src="selenium-screenshot-26.png" width="800px"&gt;&lt;/a&gt;</msg>
<status status="PASS" starttime="20240429 08:35:27.243" endtime="20240429 08:35:27.436"/>
</kw>
<kw name="Close Browser" library="SeleniumLibrary">
<doc>Closes the current browser.</doc>
<status status="PASS" starttime="20240429 08:35:27.436" endtime="20240429 08:35:29.613"/>
</kw>
<status status="PASS" starttime="20240429 08:35:27.243" endtime="20240429 08:35:29.613"/>
</kw>
<tag>formulario</tag>
<tag>formulario_024</tag>
<status status="PASS" starttime="20240429 08:35:21.491" endtime="20240429 08:35:29.614"/>
</test>
<test id="s1-s1-s1-t2" name="cenario 25 - [Envio campo Seu nome] nao preenchido" line="157">
<kw name="Acessar fromulario" library="hooks" type="SETUP">
<kw name="Open Browser" library="SeleniumLibrary">
<arg>about:blank</arg>
<arg>chrome</arg>
<doc>Opens a new browser instance to the optional ``url``.</doc>
<msg timestamp="20240429 08:35:29.618" level="INFO">Opening browser 'chrome' to base url 'about:blank'.</msg>
<status status="PASS" starttime="20240429 08:35:29.618" endtime="20240429 08:35:31.667"/>
</kw>
<kw name="Maximize Browser Window" library="SeleniumLibrary">
<doc>Maximizes current browser window.</doc>
<status status="PASS" starttime="20240429 08:35:31.667" endtime="20240429 08:35:31.701"/>
</kw>
<kw name="Go To" library="SeleniumLibrary">
<arg>${url}</arg>
<doc>Navigates the current browser window to the provided ``url``.</doc>
<msg timestamp="20240429 08:35:31.701" level="INFO">Opening url 'https://tinyurl.com/desafioTesterSGE'</msg>
<status status="PASS" starttime="20240429 08:35:31.701" endtime="20240429 08:35:33.425"/>
</kw>
<status status="PASS" starttime="20240429 08:35:29.618" endtime="20240429 08:35:33.425"/>
</kw>
<kw name="Dado que nao tenha preenchido o campo Seu nome" library="envio_formulario_bdd">
<kw name="Scroll Element Into View" library="SeleniumLibrary">
<arg>${PREENCHER.radio_sim_participarei}</arg>
<doc>Scrolls the element identified by ``locator`` into view.</doc>
<status status="PASS" starttime="20240429 08:35:33.425" endtime="20240429 08:35:33.727"/>
</kw>
<kw name="Selecionar sabor" library="envio_formulario">
<arg>Pudim de leite</arg>
<kw name="Click no elemento" library="hooks">
<arg>${PREENCHER.select_escolha_sobremesa}</arg>
<kw name="Wait Until Element Is Visible" library="SeleniumLibrary">
<arg>${element}</arg>
<arg>120s</arg>
<doc>Waits until the element ``locator`` is visible.</doc>
<status status="PASS" starttime="20240429 08:35:33.729" endtime="20240429 08:35:33.763"/>
</kw>
<kw name="Click Element" library="SeleniumLibrary">
<arg>${element}</arg>
<doc>Click the element identified by ``locator``.</doc>
<msg timestamp="20240429 08:35:33.765" level="INFO">Clicking element '//div[@class='MocG8c HZ3kWc mhLiyf LMgvRb KKjvXb DEh1R'][contains(.,'Escolher')]'.</msg>
<status status="PASS" starttime="20240429 08:35:33.763" endtime="20240429 08:35:33.821"/>
</kw>
<status status="PASS" starttime="20240429 08:35:33.728" endtime="20240429 08:35:33.821"/>
</kw>
<kw name="Click no elemento" library="hooks">
<arg>//div[@data-value='${sabor}'][@role='option']</arg>
<kw name="Wait Until Element Is Visible" library="SeleniumLibrary">
<arg>${element}</arg>
<arg>120s</arg>
<doc>Waits until the element ``locator`` is visible.</doc>
<status status="PASS" starttime="20240429 08:35:33.822" endtime="20240429 08:35:34.073"/>
</kw>
<kw name="Click Element" library="SeleniumLibrary">
<arg>${element}</arg>
<doc>Click the element identified by ``locator``.</doc>
<msg timestamp="20240429 08:35:34.077" level="INFO">Clicking element '//div[@data-value='Pudim de leite'][@role='option']'.</msg>
<status status="PASS" starttime="20240429 08:35:34.073" endtime="20240429 08:35:34.121"/>
</kw>
<status status="PASS" starttime="20240429 08:35:33.821" endtime="20240429 08:35:34.121"/>
</kw>
<status status="PASS" starttime="20240429 08:35:33.728" endtime="20240429 08:35:34.121"/>
</kw>
<kw name="Participacao da festa" library="envio_formulario">
<arg>SIM</arg>
<if>
<branch type="IF" condition="'${participacao}' == 'SIM'">
<kw name="Click no elemento" library="hooks">
<arg>${PREENCHER.radio_sim_participarei}</arg>
<kw name="Wait Until Element Is Visible" library="SeleniumLibrary">
<arg>${element}</arg>
<arg>120s</arg>
<doc>Waits until the element ``locator`` is visible.</doc>
<status status="PASS" starttime="20240429 08:35:34.122" endtime="20240429 08:35:34.147"/>
</kw>
<kw name="Click Element" library="SeleniumLibrary">
<arg>${element}</arg>
<doc>Click the element identified by ``locator``.</doc>
<msg timestamp="20240429 08:35:34.147" level="INFO">Clicking element '//div[@id='i13']'.</msg>
<status status="PASS" starttime="20240429 08:35:34.147" endtime="20240429 08:35:34.199"/>
</kw>
<status status="PASS" starttime="20240429 08:35:34.122" endtime="20240429 08:35:34.199"/>
</kw>
<status status="PASS" starttime="20240429 08:35:34.122" endtime="20240429 08:35:34.199"/>
</branch>
<branch type="ELSE">
<kw name="Click no elemento" library="hooks">
<arg>${PREENCHER.radio_nao_participarei}</arg>
<status status="NOT RUN" starttime="20240429 08:35:34.199" endtime="20240429 08:35:34.199"/>
</kw>
<status status="NOT RUN" starttime="20240429 08:35:34.199" endtime="20240429 08:35:34.200"/>
</branch>
<status status="PASS" starttime="20240429 08:35:34.121" endtime="20240429 08:35:34.200"/>
</if>
<status status="PASS" starttime="20240429 08:35:34.121" endtime="20240429 08:35:34.200"/>
</kw>
<kw name="quantidade de pessoas" library="envio_formulario">
<arg>10</arg>
<if>
<branch type="IF" condition="${qtd_pesoas} &lt;= 10">
<kw name="Input no elemento" library="hooks">
<arg>${PREENCHER.input_quantas_pessoas_comparecerao}</arg>
<arg>${qtd_pesoas}</arg>
<kw name="Wait Until Element Is Visible" library="SeleniumLibrary">
<arg>${element}</arg>
<arg>120s</arg>
<doc>Waits until the element ``locator`` is visible.</doc>
<status status="PASS" starttime="20240429 08:35:34.200" endtime="20240429 08:35:34.249"/>
</kw>
<kw name="Input Text" library="SeleniumLibrary">
<arg>${element}</arg>
<arg>${txt}</arg>
<doc>Types the given ``text`` into the text field identified by ``locator``.</doc>
<msg timestamp="20240429 08:35:34.249" level="INFO">Typing text '10' into text field '//div[@class='rFrNMe k3kHxc RdH0ib yqQS1 ccuQue zKHdkd']//input[@type='text'][@aria-labelledby='i19'][@aria-describedby='i20 i21']'.</msg>
<status status="PASS" starttime="20240429 08:35:34.249" endtime="20240429 08:35:34.351"/>
</kw>
<status status="PASS" starttime="20240429 08:35:34.200" endtime="20240429 08:35:34.351"/>
</kw>
<status status="PASS" starttime="20240429 08:35:34.200" endtime="20240429 08:35:34.351"/>
</branch>
<branch type="ELSE">
<kw name="Fatal Error" library="BuiltIn">
<arg>Precisa ser um número menor ou igual a 10</arg>
<doc>Stops the whole test execution.</doc>
<status status="NOT RUN" starttime="20240429 08:35:34.351" endtime="20240429 08:35:34.351"/>
</kw>
<status status="NOT RUN" starttime="20240429 08:35:34.351" endtime="20240429 08:35:34.351"/>
</branch>
<status status="PASS" starttime="20240429 08:35:34.200" endtime="20240429 08:35:34.351"/>
</if>
<status status="PASS" starttime="20240429 08:35:34.200" endtime="20240429 08:35:34.351"/>
</kw>
<kw name="Selecionar pratos" library="envio_formulario">
<arg>Prato principal</arg>
<kw name="Click Element" library="SeleniumLibrary">
<arg>//label[@class='docssharedWizToggleLabeledContainer Yri8Nb']//div[@aria-label='${pratos}']</arg>
<doc>Click the element identified by ``locator``.</doc>
<msg timestamp="20240429 08:35:34.353" level="INFO">Clicking element '//label[@class='docssharedWizToggleLabeledContainer Yri8Nb']//div[@aria-label='Prato principal']'.</msg>
<status status="PASS" starttime="20240429 08:35:34.351" endtime="20240429 08:35:34.580"/>
</kw>
<status status="PASS" starttime="20240429 08:35:34.351" endtime="20240429 08:35:34.580"/>
</kw>
<kw name="Input no elemento" library="hooks">
<arg>${PREENCHER.input_alergia_restricao_alimentar}</arg>
<arg>NÃO</arg>
<kw name="Wait Until Element Is Visible" library="SeleniumLibrary">
<arg>${element}</arg>
<arg>120s</arg>
<doc>Waits until the element ``locator`` is visible.</doc>
<status status="PASS" starttime="20240429 08:35:34.582" endtime="20240429 08:35:34.608"/>
</kw>
<kw name="Input Text" library="SeleniumLibrary">
<arg>${element}</arg>
<arg>${txt}</arg>
<doc>Types the given ``text`` into the text field identified by ``locator``.</doc>
<msg timestamp="20240429 08:35:34.608" level="INFO">Typing text 'NÃO' into text field '//div[@class='rFrNMe k3kHxc RdH0ib yqQS1 zKHdkd']//input[@type='text'][@aria-labelledby='i46'][@aria-describedby='i47 i48']'.</msg>
<status status="PASS" starttime="20240429 08:35:34.608" endtime="20240429 08:35:34.818"/>
</kw>
<status status="PASS" starttime="20240429 08:35:34.580" endtime="20240429 08:35:34.818"/>
</kw>
<kw name="Input no elemento" library="hooks">
<arg>${PREENCHER.input_qual_endereco_email}</arg>
<arg>${email}</arg>
<kw name="Wait Until Element Is Visible" library="SeleniumLibrary">
<arg>${element}</arg>
<arg>120s</arg>
<doc>Waits until the element ``locator`` is visible.</doc>
<status status="PASS" starttime="20240429 08:35:34.819" endtime="20240429 08:35:34.867"/>
</kw>
<kw name="Input Text" library="SeleniumLibrary">
<arg>${element}</arg>
<arg>${txt}</arg>
<doc>Types the given ``text`` into the text field identified by ``locator``.</doc>
<msg timestamp="20240429 08:35:34.872" level="INFO">Typing text 'levysantos792@gmail.com' into text field '//div[@class='rFrNMe k3kHxc RdH0ib yqQS1 Z02LAf zKHdkd']//input[@type='email'][@aria-labelledby='i50'][@aria-describedby='i51 i52']'.</msg>
<status status="PASS" starttime="20240429 08:35:34.867" endtime="20240429 08:35:34.981"/>
</kw>
<status status="PASS" starttime="20240429 08:35:34.818" endtime="20240429 08:35:34.981"/>
</kw>
<status status="PASS" starttime="20240429 08:35:33.425" endtime="20240429 08:35:34.981"/>
</kw>
<kw name="Quando clicar em enviar" library="envio_formulario_bdd">
<kw name="Click no elemento" library="hooks">
<arg>${PREENCHER.btn_enviar}</arg>
<kw name="Wait Until Element Is Visible" library="SeleniumLibrary">
<arg>${element}</arg>
<arg>120s</arg>
<doc>Waits until the element ``locator`` is visible.</doc>
<status status="PASS" starttime="20240429 08:35:34.981" endtime="20240429 08:35:34.997"/>
</kw>
<kw name="Click Element" library="SeleniumLibrary">
<arg>${element}</arg>
<doc>Click the element identified by ``locator``.</doc>
<msg timestamp="20240429 08:35:34.997" level="INFO">Clicking element '//div[@class='lRwqcd']//div[@role='button']'.</msg>
<status status="PASS" starttime="20240429 08:35:34.997" endtime="20240429 08:35:35.062"/>
</kw>
<status status="PASS" starttime="20240429 08:35:34.981" endtime="20240429 08:35:35.064"/>
</kw>
<status status="PASS" starttime="20240429 08:35:34.981" endtime="20240429 08:35:35.064"/>
</kw>
<kw name="Então o formulario nao deve ser enviado por apresenatar o erro" library="envio_formulario_bdd">
<arg>Esta pergunta é obrigatória</arg>
<kw name="Page Should Contain" library="SeleniumLibrary">
<arg>${erro_formulario}</arg>
<doc>Verifies that current page contains ``text``.</doc>
<msg timestamp="20240429 08:35:35.080" level="INFO">Current page contains text 'Esta pergunta é obrigatória'.</msg>
<status status="PASS" starttime="20240429 08:35:35.064" endtime="20240429 08:35:35.081"/>
</kw>
<status status="PASS" starttime="20240429 08:35:35.064" endtime="20240429 08:35:35.081"/>
</kw>
<kw name="Fechar navegador" library="hooks" type="TEARDOWN">
<kw name="Capture Page Screenshot" library="SeleniumLibrary">
<doc>Takes a screenshot of the current page and embeds it into a log file.</doc>
<msg timestamp="20240429 08:35:35.225" level="INFO" html="true">&lt;/td&gt;&lt;/tr&gt;&lt;tr&gt;&lt;td colspan="3"&gt;&lt;a href="selenium-screenshot-27.png"&gt;&lt;img src="selenium-screenshot-27.png" width="800px"&gt;&lt;/a&gt;</msg>
<status status="PASS" starttime="20240429 08:35:35.081" endtime="20240429 08:35:35.225"/>
</kw>
<kw name="Close Browser" library="SeleniumLibrary">
<doc>Closes the current browser.</doc>
<status status="PASS" starttime="20240429 08:35:35.225" endtime="20240429 08:35:37.396"/>
</kw>
<status status="PASS" starttime="20240429 08:35:35.081" endtime="20240429 08:35:37.396"/>
</kw>
<tag>formulario</tag>
<tag>formulario_025</tag>
<status status="PASS" starttime="20240429 08:35:29.617" endtime="20240429 08:35:37.398"/>
</test>
<doc>Essa Documentação se refere ao preenchimento de formulário de convite para a festa</doc>
<status status="PASS" starttime="20240429 08:35:20.735" endtime="20240429 08:35:37.404"/>
</suite>
<status status="PASS" starttime="20240429 08:35:20.732" endtime="20240429 08:35:37.412"/>
</suite>
<status status="PASS" starttime="20240429 08:35:20.708" endtime="20240429 08:35:37.416"/>
</suite>
<statistics>
<total>
<stat pass="2" fail="0" skip="0">All Tests</stat>
</total>
<tag>
<stat pass="2" fail="0" skip="0">formulario</stat>
<stat pass="1" fail="0" skip="0">formulario_024</stat>
<stat pass="1" fail="0" skip="0">formulario_025</stat>
</tag>
<suite>
<stat pass="2" fail="0" skip="0" id="s1" name="Desafio-Tester-Junior">Desafio-Tester-Junior</stat>
<stat pass="2" fail="0" skip="0" id="s1-s1" name="Test">Desafio-Tester-Junior.Test</stat>
<stat pass="2" fail="0" skip="0" id="s1-s1-s1" name="Envio Formulario">Desafio-Tester-Junior.Test.Envio Formulario</stat>
</suite>
</statistics>
<errors>
</errors>
</robot>
